\BOOKMARK [1][-]{section.1}{\376\377\000D\000a\000t\000a}{}% 1
\BOOKMARK [2][-]{subsection.1.1}{\376\377\000I\000n\000d\000e\000x\000\040\000o\000f\000\040\000l\000a\000t\000t\000i\000c\000e}{section.1}% 2
\BOOKMARK [3][-]{subsubsection.1.1.1}{\376\377\000U\000I\000N\000T\000\040\000I\000n\000d\000e\000x\000\040\000o\000f\000\040\000l\000a\000t\000t\000i\000c\000e}{subsection.1.1}% 3
\BOOKMARK [3][-]{subsubsection.1.1.2}{\376\377\000S\000I\000n\000d\000e\000x\000\040\000o\000f\000\040\000l\000a\000t\000t\000i\000c\000e}{subsection.1.1}% 4
\BOOKMARK [3][-]{subsubsection.1.1.3}{\376\377\000I\000n\000d\000e\000x\000\040\000a\000n\000d\000\040\000b\000o\000u\000n\000d\000a\000r\000y\000\040\000c\000o\000n\000d\000i\000t\000i\000o\000n\000,\000\040\000a\000\040\000i\000n\000t\0002\000\040\000o\000r\000\040\000a\000\040\000u\000i\000n\000t\0002\000\040\000s\000t\000r\000u\000c\000t\000u\000r\000e}{subsection.1.1}% 5
\BOOKMARK [3][-]{subsubsection.1.1.4}{\376\377\000I\000n\000d\000e\000x\000\040\000w\000a\000l\000k\000i\000n\000g}{subsection.1.1}% 6
\BOOKMARK [2][-]{subsection.1.2}{\376\377\000C\000P\000a\000r\000e\000m\000e\000t\000e\000r\000s}{section.1}% 7
\BOOKMARK [1][-]{section.2}{\376\377\000U\000p\000d\000a\000t\000e\000\040\000s\000c\000h\000e\000m\000e}{}% 8
\BOOKMARK [2][-]{subsection.2.1}{\376\377\000H\000M\000C}{section.2}% 9
\BOOKMARK [3][-]{subsubsection.2.1.1}{\376\377\000T\000h\000e\000\040\000F\000e\000r\000m\000i\000o\000n\000\040\000a\000c\000t\000i\000o\000n}{subsection.2.1}% 10
\BOOKMARK [3][-]{subsubsection.2.1.2}{\376\377\000B\000a\000s\000i\000c\000\040\000i\000d\000e\000a\000,\000\040\000f\000o\000r\000c\000e\000\040\000f\000r\000o\000m\000\040\000g\000a\000u\000g\000e\000\040\000f\000i\000e\000l\000d}{subsection.2.1}% 11
\BOOKMARK [3][-]{subsubsection.2.1.3}{\376\377\000F\000o\000r\000c\000e\000\040\000o\000f\000\040\000p\000s\000e\000u\000d\000o\000f\000e\000r\000m\000i\000o\000n\000s}{subsection.2.1}% 12
\BOOKMARK [3][-]{subsubsection.2.1.4}{\376\377\000S\000o\000l\000v\000e\000r\000\040\000i\000n\000\040\000H\000M\000C}{subsection.2.1}% 13
\BOOKMARK [3][-]{subsubsection.2.1.5}{\376\377\000L\000e\000a\000p\000\040\000f\000r\000o\000g\000\040\000i\000n\000t\000e\000g\000r\000a\000t\000o\000r}{subsection.2.1}% 14
\BOOKMARK [3][-]{subsubsection.2.1.6}{\376\377\000A\000\040\000s\000u\000m\000m\000a\000r\000y\000\040\000o\000f\000\040\000H\000M\000C\000\040\000w\000i\000t\000h\000\040\000p\000s\000e\000u\000d\000o\000f\000e\000r\000m\000i\000o\000n\000s}{subsection.2.1}% 15
\BOOKMARK [2][-]{subsection.2.2}{\376\377\000O\000p\000t\000i\000m\000i\000z\000a\000t\000i\000o\000n\000\040\000o\000f\000\040\000H\000M\000C}{section.2}% 16
\BOOKMARK [3][-]{subsubsection.2.2.1}{\376\377\000O\000m\000e\000l\000y\000a\000n\000\040\000i\000n\000t\000e\000g\000r\000a\000t\000o\000r}{subsection.2.2}% 17
\BOOKMARK [3][-]{subsubsection.2.2.2}{\376\377\000O\000m\000e\000l\000y\000a\000n\000\040\000f\000o\000r\000c\000e\000-\000g\000r\000a\000d\000i\000e\000n\000t\000\040\000i\000n\000t\000e\000g\000r\000a\000t\000o\000r}{subsection.2.2}% 18
\BOOKMARK [3][-]{subsubsection.2.2.3}{\376\377\000M\000u\000l\000t\000i\000-\000r\000a\000t\000e\000\040\000i\000n\000t\000e\000g\000r\000a\000t\000o\000r\000\040\000\050\000n\000e\000s\000t\000e\000d\000\040\000i\000n\000t\000e\000g\000r\000a\000t\000o\000r\000\051}{subsection.2.2}% 19
\BOOKMARK [3][-]{subsubsection.2.2.4}{\376\377\000C\000a\000c\000h\000e\000d\000\040\000s\000o\000l\000u\000t\000i\000o\000n}{subsection.2.2}% 20
\BOOKMARK [2][-]{subsection.2.3}{\376\377\000S\000t\000a\000g\000g\000e\000r\000e\000d\000\040\000F\000e\000r\000m\000i\000o\000n}{section.2}% 21
\BOOKMARK [3][-]{subsubsection.2.3.1}{\376\377\000T\000h\000e\000\040\000D\000=\0001\000\040\000s\000t\000a\000g\000g\000e\000r\000e\000d\000\040\000f\000e\000r\000m\000i\000o\000n\000\040\000a\000n\000d\000\040\000J\000o\000r\000d\000a\000n\000-\000W\000i\000g\000n\000e\000r\000\040\000t\000r\000a\000n\000s\000f\000o\000r\000m\000a\000t\000i\000o\000n}{subsection.2.3}% 22
\BOOKMARK [3][-]{subsubsection.2.3.2}{\376\377\000T\000h\000e\000\040\000r\000e\000l\000a\000t\000i\000o\000n\000s\000h\000i\000p\000\040\000b\000e\000t\000w\000e\000e\000n\000\040\000t\000h\000e\000\040\000n\000a\000i\000v\000e\000\040\000f\000e\000r\000m\000i\000o\000n\000\040\000a\000n\000d\000\040\000s\000t\000a\000g\000g\000e\000r\000e\000d\000\040\000f\000e\000r\000m\000i\000o\000n}{subsection.2.3}% 23
\BOOKMARK [3][-]{subsubsection.2.3.3}{\376\377\000S\000y\000m\000m\000e\000t\000r\000i\000e\000s\000\040\000o\000f\000\040\000t\000h\000e\000\040\000s\000t\000a\000g\000g\000e\000r\000e\000d\000\040\000f\000e\000r\000m\000i\000o\000n\000s}{subsection.2.3}% 24
\BOOKMARK [2][-]{subsection.2.4}{\376\377\000T\000h\000e\000\040\000R\000H\000M\000C\000\040\000f\000o\000r\000\040\000s\000t\000a\000g\000g\000e\000r\000e\000d\000\040\000f\000e\000r\000m\000i\000o\000n}{section.2}% 25
\BOOKMARK [3][-]{subsubsection.2.4.1}{\376\377\000T\000h\000e\000\040\000r\000a\000t\000i\000o\000n\000a\000l\000\040\000a\000p\000p\000r\000o\000x\000i\000m\000a\000t\000i\000o\000n\000\040\000a\000n\000d\000\040\000R\000e\000m\000e\000s\000\040\000a\000l\000g\000o\000r\000i\000t\000h\000m}{subsection.2.4}% 26
\BOOKMARK [3][-]{subsubsection.2.4.2}{\376\377\000T\000h\000e\000\040\000R\000H\000M\000C\000\040\000w\000i\000t\000h\000\040\000N\000f\000=\0002}{subsection.2.4}% 27
\BOOKMARK [1][-]{section.3}{\376\377\000S\000p\000a\000r\000s\000e\000\040\000l\000i\000n\000e\000a\000r\000\040\000a\000l\000g\000e\000b\000r\000a\000\040\000s\000o\000l\000v\000e\000r}{}% 28
\BOOKMARK [2][-]{subsection.3.1}{\376\377\000K\000r\000y\000l\000o\000v\000\040\000s\000u\000b\000s\000p\000a\000c\000e}{section.3}% 29
\BOOKMARK [2][-]{subsection.3.2}{\376\377\000G\000M\000R\000E\000S}{section.3}% 30
\BOOKMARK [2][-]{subsection.3.3}{\376\377\000G\000C\000R}{section.3}% 31
\BOOKMARK [2][-]{subsection.3.4}{\376\377\000T\000F\000Q\000M\000R}{section.3}% 32
\BOOKMARK [2][-]{subsection.3.5}{\376\377\000\040\000G\000C\000R\000O\000-\000D\000R\000\040\000a\000n\000d\000\040\000G\000M\000R\000E\000S\000-\000M\000D\000R}{section.3}% 33
\BOOKMARK [3][-]{subsubsection.3.5.1}{\376\377\000B\000r\000i\000e\000f\000\040\000i\000n\000t\000r\000o\000d\000u\000c\000t\000i\000o\000n\000\040\000t\000o\000\040\000d\000e\000f\000l\000a\000t\000i\000o\000n\000\040\000p\000r\000e\000c\000o\000n\000d\000i\000t\000i\000o\000n\000e\000r}{subsection.3.5}% 34
\BOOKMARK [3][-]{subsubsection.3.5.2}{\376\377\000B\000r\000i\000e\000f\000\040\000i\000n\000t\000r\000o\000\040\000t\000o\000\040\000G\000C\000R\000O\000-\000D\000R}{subsection.3.5}% 35
\BOOKMARK [3][-]{subsubsection.3.5.3}{\376\377\000T\000h\000e\000\040\000c\000h\000o\000i\000c\000e\000\040\000o\000f\000\040\000d\000e\000f\000l\000a\000t\000i\000o\000n\000\040\000s\000u\000b\000s\000p\000a\000c\000e}{subsection.3.5}% 36
\BOOKMARK [3][-]{subsubsection.3.5.4}{\376\377\000E\000i\000g\000e\000n\000\040\000s\000o\000l\000v\000e\000r}{subsection.3.5}% 37
\BOOKMARK [3][-]{subsubsection.3.5.5}{\376\377\000I\000m\000p\000l\000e\000m\000e\000n\000t\000a\000t\000i\000o\000n\000\040\000o\000f\000\040\000G\000C\000R\000O\000-\000D\000R}{subsection.3.5}% 38
\BOOKMARK [3][-]{subsubsection.3.5.6}{\376\377\000I\000m\000p\000l\000e\000m\000e\000n\000t\000\040\000o\000f\000\040\000G\000C\000R\000O\000-\000D\000R}{subsection.3.5}% 39
\BOOKMARK [3][-]{subsubsection.3.5.7}{\376\377\000I\000m\000p\000l\000e\000m\000e\000n\000t\000\040\000o\000f\000\040\000G\000M\000R\000E\000S\000-\000M\000D\000R}{subsection.3.5}% 40
\BOOKMARK [3][-]{subsubsection.3.5.8}{\376\377\000T\000e\000s\000t\000\040\000o\000f\000\040\000G\000C\000R\000O\000-\000D\000R\000\040\000a\000n\000d\000\040\000G\000M\000R\000E\000S\000-\000M\000D\000R}{subsection.3.5}% 41
\BOOKMARK [2][-]{subsection.3.6}{\376\377\000E\000v\000e\000n\000-\000o\000d\000d\000\040\000p\000r\000e\000c\000o\000n\000d\000i\000t\000i\000o\000n\000e\000r}{section.3}% 42
\BOOKMARK [2][-]{subsection.3.7}{\376\377\000T\000h\000e\000\040\000m\000u\000l\000t\000i\000-\000s\000h\000i\000f\000t\000\040\000s\000o\000l\000v\000e\000r}{section.3}% 43
\BOOKMARK [3][-]{subsubsection.3.7.1}{\376\377\000T\000h\000e\000\040\000m\000u\000l\000t\000i\000-\000s\000h\000i\000f\000t\000\040\000v\000e\000r\000s\000i\000o\000n\000\040\000o\000f\000\040\000G\000M\000R\000E\000S}{subsection.3.7}% 44
\BOOKMARK [3][-]{subsubsection.3.7.2}{\376\377\000T\000h\000e\000\040\000m\000u\000l\000t\000i\000-\000s\000h\000i\000f\000t\000\040\000F\000O\000M}{subsection.3.7}% 45
\BOOKMARK [3][-]{subsubsection.3.7.3}{\376\377\000T\000h\000e\000\040\000m\000u\000l\000t\000i\000-\000s\000h\000i\000f\000t\000\040\000B\000i\000C\000G\000S\000t\000a\000b}{subsection.3.7}% 46
\BOOKMARK [1][-]{section.4}{\376\377\000M\000i\000s\000c\000e\000l\000l\000a\000n\000e\000o\000u\000s\000\040\000t\000o\000p\000i\000c\000s}{}% 47
\BOOKMARK [2][-]{subsection.4.1}{\376\377\000G\000a\000u\000g\000e\000\040\000F\000i\000x\000i\000n\000g}{section.4}% 48
\BOOKMARK [3][-]{subsubsection.4.1.1}{\376\377\000I\000n\000t\000r\000o\000d\000u\000c\000t\000i\000o\000n\000\040\000o\000f\000\040\000F\000F\000T\000\040\000b\000e\000f\000o\000r\000e\000\040\000s\000t\000a\000r\000t}{subsection.4.1}% 49
\BOOKMARK [3][-]{subsubsection.4.1.2}{\376\377\000C\000o\000r\000n\000e\000l\000l\000\040\000G\000a\000u\000g\000e\000\040\000F\000i\000x\000i\000n\000g\000\040\000a\000n\000d\000\040\000F\000F\000T\000\040\000a\000c\000c\000e\000l\000e\000r\000a\000t\000e\000d}{subsection.4.1}% 50
\BOOKMARK [3][-]{subsubsection.4.1.3}{\376\377\000L\000o\000s\000\040\000A\000l\000a\000m\000o\000s\000\040\000G\000a\000u\000g\000e\000\040\000F\000i\000x\000i\000n\000g\000\040\000a\000n\000d\000\040\000o\000v\000e\000r\000\040\000r\000e\000l\000a\000x\000a\000t\000i\000o\000n}{subsection.4.1}% 51
\BOOKMARK [3][-]{subsubsection.4.1.4}{\376\377\000C\000o\000u\000l\000o\000m\000b\000\040\000G\000a\000u\000g\000e}{subsection.4.1}% 52
\BOOKMARK [3][-]{subsubsection.4.1.5}{\376\377\000L\000o\000g\000a\000r\000i\000t\000h\000m\000\040\000d\000e\000f\000i\000n\000i\000t\000i\000o\000n}{subsection.4.1}% 53
\BOOKMARK [1][-]{section.5}{\376\377\000M\000e\000a\000s\000u\000r\000e\000m\000e\000n\000t}{}% 54
\BOOKMARK [2][-]{subsection.5.1}{\376\377\000P\000l\000a\000q\000u\000e\000t\000t\000e\000\040\000E\000n\000e\000r\000g\000y}{section.5}% 55
\BOOKMARK [2][-]{subsection.5.2}{\376\377\000M\000e\000s\000o\000n\000\040\000C\000o\000r\000r\000e\000l\000a\000t\000o\000r}{section.5}% 56
\BOOKMARK [3][-]{subsubsection.5.2.1}{\376\377\000M\000e\000s\000o\000n\000\040\000W\000a\000v\000e\000\040\000F\000u\000n\000c\000t\000i\000o\000n}{subsection.5.2}% 57
\BOOKMARK [3][-]{subsubsection.5.2.2}{\376\377\000M\000e\000s\000o\000n\000\040\000C\000o\000r\000r\000e\000l\000a\000t\000o\000r}{subsection.5.2}% 58
\BOOKMARK [3][-]{subsubsection.5.2.3}{\376\377\000S\000o\000u\000r\000c\000e\000s}{subsection.5.2}% 59
\BOOKMARK [3][-]{subsubsection.5.2.4}{\376\377\000S\000u\000m\000m\000a\000r\000y\000\040\000o\000f\000\040\000p\000a\000r\000a\000m\000e\000t\000e\000r\000s}{subsection.5.2}% 60
\BOOKMARK [3][-]{subsubsection.5.2.5}{\376\377\000G\000a\000u\000g\000e\000\040\000s\000m\000e\000a\000r\000i\000n\000g}{subsection.5.2}% 61
\BOOKMARK [2][-]{subsection.5.3}{\376\377\000C\000h\000i\000r\000a\000l\000\040\000C\000o\000n\000d\000e\000n\000s\000a\000t\000e\000\040\000o\000f\000\040\000W\000i\000l\000s\000o\000n\000\040\000f\000e\000r\000m\000i\000o\000n}{section.5}% 62
\BOOKMARK [3][-]{subsubsection.5.3.1}{\376\377\000W\000a\000l\000l\000\040\000s\000o\000u\000r\000c\000e}{subsection.5.3}% 63
\BOOKMARK [3][-]{subsubsection.5.3.2}{\376\377\000D\000e\000c\000a\000y\000\040\000c\000o\000n\000s\000t\000a\000n\000t}{subsection.5.3}% 64
\BOOKMARK [3][-]{subsubsection.5.3.3}{\376\377\000E\000f\000f\000e\000c\000t\000i\000v\000e\000\040\000Q\000u\000a\000r\000k\000\040\000M\000a\000s\000s}{subsection.5.3}% 65
\BOOKMARK [2][-]{subsection.5.4}{\376\377\000S\000t\000o\000c\000h\000a\000s\000t\000i\000c\000\040\000M\000e\000t\000h\000o\000d\000s}{section.5}% 66
\BOOKMARK [3][-]{subsubsection.5.4.1}{\376\377\000F\000o\000r\000\040\000c\000o\000n\000d\000e\000n\000s\000a\000t\000i\000o\000n\000s}{subsection.5.4}% 67
\BOOKMARK [3][-]{subsubsection.5.4.2}{\376\377\000F\000o\000r\000\040\000d\000e\000n\000s\000i\000t\000i\000e\000s}{subsection.5.4}% 68
\BOOKMARK [1][-]{section.6}{\376\377\000P\000r\000o\000g\000r\000a\000m\000m\000i\000n\000g}{}% 69
\BOOKMARK [2][-]{subsection.6.1}{\376\377\000c\000u\000d\000a}{section.6}% 70
\BOOKMARK [3][-]{subsubsection.6.1.1}{\376\377\000b\000l\000o\000c\000k\000s\000\040\000a\000n\000d\000\040\000t\000h\000r\000e\000a\000d\000s}{subsection.6.1}% 71
\BOOKMARK [3][-]{subsubsection.6.1.2}{\376\377\000d\000e\000v\000i\000c\000e\000\040\000m\000e\000m\000b\000e\000r\000\040\000f\000u\000n\000c\000t\000i\000o\000n}{subsection.6.1}% 72
\BOOKMARK [3][-]{subsubsection.6.1.3}{\376\377\000d\000e\000v\000i\000c\000e\000\040\000v\000i\000r\000t\000u\000a\000l\000\040\000m\000e\000m\000b\000e\000r\000\040\000f\000u\000n\000c\000t\000i\000o\000n}{subsection.6.1}% 73
\BOOKMARK [1][-]{section.7}{\376\377\000T\000e\000s\000t\000i\000n\000g}{}% 74
\BOOKMARK [2][-]{subsection.7.1}{\376\377\000r\000a\000n\000d\000o\000m\000\040\000n\000u\000m\000b\000e\000r}{section.7}% 75
\BOOKMARK [1][-]{section.8}{\376\377\000A\000p\000p\000l\000i\000c\000a\000t\000i\000o\000n\000s}{}% 76
\BOOKMARK [2][-]{subsection.8.1}{\376\377\000R\000o\000t\000a\000t\000i\000n\000g\000\040\000F\000r\000a\000m\000e}{section.8}% 77
\BOOKMARK [3][-]{subsubsection.8.1.1}{\376\377\000T\000h\000e\000\040\000r\000o\000t\000a\000t\000i\000n\000g\000\040\000g\000a\000u\000g\000e\000\040\000a\000c\000t\000i\000o\000n}{subsection.8.1}% 78
\BOOKMARK [3][-]{subsubsection.8.1.2}{\376\377\000R\000o\000t\000a\000t\000i\000n\000g\000\040\000F\000e\000r\000m\000i\000o\000n\000\040\000a\000c\000t\000i\000o\000n}{subsection.8.1}% 79
\BOOKMARK [3][-]{subsubsection.8.1.3}{\376\377\000T\000h\000e\000\040\000e\000x\000p\000o\000n\000e\000n\000t\000i\000a\000l\000\040\000c\000h\000e\000m\000i\000c\000a\000l\000\040\000p\000o\000t\000e\000n\000t\000i\000a\000l}{subsection.8.1}% 80
\BOOKMARK [3][-]{subsubsection.8.1.4}{\376\377\000T\000h\000e\000\040\000f\000i\000n\000a\000l\000\040\000a\000c\000t\000i\000o\000n\000\040\000o\000f\000\040\000r\000o\000t\000a\000t\000i\000o\000n}{subsection.8.1}% 81
\BOOKMARK [3][-]{subsubsection.8.1.5}{\376\377\000T\000h\000e\000\040\000f\000o\000r\000c\000e\000\040\000f\000r\000o\000m\000\040\000g\000a\000u\000g\000e\000\040\000a\000c\000t\000i\000o\000n}{subsection.8.1}% 82
\BOOKMARK [3][-]{subsubsection.8.1.6}{\376\377\000T\000h\000e\000\040\000f\000o\000r\000c\000e\000\040\000f\000r\000o\000m\000\040\000f\000e\000r\000m\000i\000o\000n\000\040\000a\000c\000t\000i\000o\000n}{subsection.8.1}% 83
\BOOKMARK [3][-]{subsubsection.8.1.7}{\376\377\000T\000h\000e\000\040\000a\000n\000g\000u\000l\000a\000r\000\040\000m\000o\000m\000e\000n\000t\000u\000m}{subsection.8.1}% 84
\BOOKMARK [3][-]{subsubsection.8.1.8}{\376\377\000T\000h\000e\000\040\000C\000u\000r\000r\000e\000n\000t\000\040\000d\000e\000n\000s\000i\000t\000y\000\040\000a\000n\000d\000\040\000C\000h\000a\000r\000g\000e\000\040\000d\000e\000n\000s\000i\000t\000y}{subsection.8.1}% 85
\BOOKMARK [3][-]{subsubsection.8.1.9}{\376\377\000T\000h\000e\000\040\000T\000o\000p\000o\000l\000o\000g\000i\000c\000a\000l\000\040\000D\000e\000n\000s\000i\000t\000y}{subsection.8.1}% 86
\BOOKMARK [3][-]{subsubsection.8.1.10}{\376\377\000T\000h\000e\000\040\000P\000o\000l\000y\000a\000k\000o\000v\000\040\000l\000o\000o\000p}{subsection.8.1}% 87
\BOOKMARK [3][-]{subsubsection.8.1.11}{\376\377\000T\000h\000e\000\040\000C\000h\000i\000r\000a\000l\000\040\000C\000o\000n\000d\000e\000n\000s\000a\000t\000e}{subsection.8.1}% 88
\BOOKMARK [2][-]{subsection.8.2}{\376\377\000S\000a\000m\000p\000l\000e\000\040\000P\000r\000o\000d\000u\000c\000e\000r}{section.8}% 89
\BOOKMARK [2][-]{subsection.8.3}{\376\377\000D\000a\000t\000a\000\040\000A\000n\000a\000l\000y\000s\000e}{section.8}% 90
\BOOKMARK [3][-]{subsubsection.8.3.1}{\376\377\000W\000h\000a\000t\000\040\000i\000s\000\040\000a\000u\000t\000o\000c\000o\000r\000r\000e\000l\000a\000t\000i\000o\000n}{subsection.8.3}% 91
\BOOKMARK [3][-]{subsubsection.8.3.2}{\376\377\000H\000o\000w\000\040\000t\000o\000\040\000c\000a\000l\000c\000u\000l\000a\000t\000e\000\040\000a\000u\000t\000o\000c\000o\000r\000r\000e\000l\000a\000t\000i\000o\000n\000,\000\040\000a\000n\000d\000\040\000h\000o\000w\000\040\000t\000o\000\040\000u\000s\000e\000\040\000i\000t\000\040\000t\000o\000\040\000o\000b\000t\000a\000i\000n\000\040\000t\000h\000e\000\040\000i\000n\000t\000e\000r\000v\000a\000l}{subsection.8.3}% 92
